<?xml version="1.0" encoding="UTF-8"?>
<robot generator="Robot 7.4.2 (Python 3.12.10 on win32)" generated="2026-03-25T16:33:00.462480" rpa="false" schemaversion="5">
<suite id="s1" name="Mgr Payroll Test" source="D:\HRM_Project\HRM-\mgr_payroll_test.robot">
<test id="s1-t1" name="Manager Login And Open Payroll Periods" line="13">
<kw name="Open Login Page">
<kw name="Open Browser" owner="SeleniumLibrary">
<msg time="2026-03-25T16:33:00.611472" level="INFO">Opening browser 'chrome' to base url 'http://localhost:8080/login'.</msg>
<arg>${LOGIN_URL}</arg>
<arg>${BROWSER}</arg>
<doc>Opens a new browser instance to the optional ``url``.</doc>
<status status="PASS" start="2026-03-25T16:33:00.611472" elapsed="1.591906"/>
</kw>
<kw name="Maximize Browser Window" owner="SeleniumLibrary">
<doc>Maximizes current browser window.</doc>
<status status="PASS" start="2026-03-25T16:33:02.204428" elapsed="0.037324"/>
</kw>
<kw name="Set Selenium Timeout" owner="SeleniumLibrary">
<arg>${TIMEOUT}</arg>
<doc>Sets the timeout that is used by various keywords.</doc>
<status status="PASS" start="2026-03-25T16:33:02.241752" elapsed="0.001671"/>
</kw>
<kw name="Wait Until Page Contains Element" owner="SeleniumLibrary">
<arg>name=username</arg>
<arg>${TIMEOUT}</arg>
<doc>Waits until the element ``locator`` appears on the current page.</doc>
<status status="PASS" start="2026-03-25T16:33:02.243423" elapsed="0.013071"/>
</kw>
<status status="PASS" start="2026-03-25T16:33:00.611472" elapsed="1.645022"/>
</kw>
<kw name="Login As Manager">
<kw name="Input Text" owner="SeleniumLibrary">
<msg time="2026-03-25T16:33:02.259266" level="INFO">Typing text 'mgr1' into text field 'name=username'.</msg>
<arg>name=username</arg>
<arg>${USERNAME}</arg>
<doc>Types the given ``text`` into the text field identified by ``locator``.</doc>
<status status="PASS" start="2026-03-25T16:33:02.258243" elapsed="0.093895"/>
</kw>
<kw name="Input Password" owner="SeleniumLibrary">
<msg time="2026-03-25T16:33:02.355706" level="INFO">Typing password into text field 'name=password'.</msg>
<msg time="2026-03-25T16:33:02.377244" level="INFO">Temporally setting log level to: NONE</msg>
<arg>name=password</arg>
<arg>${PASSWORD}</arg>
<doc>Types the given password into the text field identified by ``locator``.</doc>
<status status="PASS" start="2026-03-25T16:33:02.355706" elapsed="0.057707"/>
</kw>
<kw name="Click Button" owner="SeleniumLibrary">
<msg time="2026-03-25T16:33:02.413413" level="INFO">Clicking button 'xpath=//button[@type='submit']'.</msg>
<arg>xpath=//button[@type='submit']</arg>
<doc>Clicks the button identified by ``locator``.</doc>
<status status="PASS" start="2026-03-25T16:33:02.413413" elapsed="0.214592"/>
</kw>
<kw name="Sleep" owner="BuiltIn">
<msg time="2026-03-25T16:33:04.628902" level="INFO">Slept 2 seconds.</msg>
<arg>2s</arg>
<doc>Pauses the test executed for the given time.</doc>
<status status="PASS" start="2026-03-25T16:33:02.628005" elapsed="2.000897"/>
</kw>
<status status="PASS" start="2026-03-25T16:33:02.258243" elapsed="2.370659"/>
</kw>
<kw name="Go To" owner="SeleniumLibrary">
<msg time="2026-03-25T16:33:04.630131" level="INFO">Opening url 'http://localhost:8080/manager/payroll/periods'</msg>
<arg>${BASE_URL}/manager/payroll/periods</arg>
<doc>Navigates the current browser window to the provided ``url``.</doc>
<status status="PASS" start="2026-03-25T16:33:04.630131" elapsed="0.097551"/>
</kw>
<kw name="Wait Until Page Contains" owner="SeleniumLibrary">
<arg>Payroll Periods</arg>
<arg>${TIMEOUT}</arg>
<doc>Waits until ``text`` appears on the current page.</doc>
<status status="PASS" start="2026-03-25T16:33:04.730710" elapsed="0.006868"/>
</kw>
<status status="PASS" start="2026-03-25T16:33:00.610785" elapsed="4.126793"/>
</test>
<test id="s1-t2" name="Manager Open Payroll Payslip List" line="19">
<kw name="Open Login Page">
<kw name="Open Browser" owner="SeleniumLibrary">
<msg time="2026-03-25T16:33:04.737578" level="INFO">Opening browser 'chrome' to base url 'http://localhost:8080/login'.</msg>
<arg>${LOGIN_URL}</arg>
<arg>${BROWSER}</arg>
<doc>Opens a new browser instance to the optional ``url``.</doc>
<status status="PASS" start="2026-03-25T16:33:04.737578" elapsed="1.562659"/>
</kw>
<kw name="Maximize Browser Window" owner="SeleniumLibrary">
<doc>Maximizes current browser window.</doc>
<status status="PASS" start="2026-03-25T16:33:06.300237" elapsed="0.025489"/>
</kw>
<kw name="Set Selenium Timeout" owner="SeleniumLibrary">
<arg>${TIMEOUT}</arg>
<doc>Sets the timeout that is used by various keywords.</doc>
<status status="PASS" start="2026-03-25T16:33:06.325726" elapsed="0.002017"/>
</kw>
<kw name="Wait Until Page Contains Element" owner="SeleniumLibrary">
<arg>name=username</arg>
<arg>${TIMEOUT}</arg>
<doc>Waits until the element ``locator`` appears on the current page.</doc>
<status status="PASS" start="2026-03-25T16:33:06.328924" elapsed="0.032902"/>
</kw>
<status status="PASS" start="2026-03-25T16:33:04.737578" elapsed="1.624248"/>
</kw>
<kw name="Login As Manager">
<kw name="Input Text" owner="SeleniumLibrary">
<msg time="2026-03-25T16:33:06.361826" level="INFO">Typing text 'mgr1' into text field 'name=username'.</msg>
<arg>name=username</arg>
<arg>${USERNAME}</arg>
<doc>Types the given ``text`` into the text field identified by ``locator``.</doc>
<status status="PASS" start="2026-03-25T16:33:06.361826" elapsed="0.115396"/>
</kw>
<kw name="Input Password" owner="SeleniumLibrary">
<msg time="2026-03-25T16:33:06.477222" level="INFO">Typing password into text field 'name=password'.</msg>
<msg time="2026-03-25T16:33:06.506527" level="INFO">Temporally setting log level to: NONE</msg>
<arg>name=password</arg>
<arg>${PASSWORD}</arg>
<doc>Types the given password into the text field identified by ``locator``.</doc>
<status status="PASS" start="2026-03-25T16:33:06.477222" elapsed="0.067593"/>
</kw>
<kw name="Click Button" owner="SeleniumLibrary">
<msg time="2026-03-25T16:33:06.544815" level="INFO">Clicking button 'xpath=//button[@type='submit']'.</msg>
<arg>xpath=//button[@type='submit']</arg>
<doc>Clicks the button identified by ``locator``.</doc>
<status status="PASS" start="2026-03-25T16:33:06.544815" elapsed="0.194910"/>
</kw>
<kw name="Sleep" owner="BuiltIn">
<msg time="2026-03-25T16:33:08.740167" level="INFO">Slept 2 seconds.</msg>
<arg>2s</arg>
<doc>Pauses the test executed for the given time.</doc>
<status status="PASS" start="2026-03-25T16:33:06.739725" elapsed="2.000442"/>
</kw>
<status status="PASS" start="2026-03-25T16:33:06.361826" elapsed="2.378341"/>
</kw>
<kw name="Go To" owner="SeleniumLibrary">
<msg time="2026-03-25T16:33:08.740167" level="INFO">Opening url 'http://localhost:8080/manager/payroll/payslips'</msg>
<arg>${BASE_URL}/manager/payroll/payslips</arg>
<doc>Navigates the current browser window to the provided ``url``.</doc>
<status status="PASS" start="2026-03-25T16:33:08.740167" elapsed="0.248176"/>
</kw>
<kw name="Wait Until Page Contains" owner="SeleniumLibrary">
<arg>Payroll Payslips</arg>
<arg>${TIMEOUT}</arg>
<doc>Waits until ``text`` appears on the current page.</doc>
<status status="PASS" start="2026-03-25T16:33:08.988343" elapsed="0.000000"/>
</kw>
<status status="PASS" start="2026-03-25T16:33:04.737578" elapsed="4.266529"/>
</test>
<test id="s1-t3" name="Manager Open First Payslip Detail" line="25">
<kw name="Open Login Page">
<kw name="Open Browser" owner="SeleniumLibrary">
<msg time="2026-03-25T16:33:09.004107" level="INFO">Opening browser 'chrome' to base url 'http://localhost:8080/login'.</msg>
<arg>${LOGIN_URL}</arg>
<arg>${BROWSER}</arg>
<doc>Opens a new browser instance to the optional ``url``.</doc>
<status status="PASS" start="2026-03-25T16:33:09.004107" elapsed="1.530643"/>
</kw>
<kw name="Maximize Browser Window" owner="SeleniumLibrary">
<doc>Maximizes current browser window.</doc>
<status status="PASS" start="2026-03-25T16:33:10.534750" elapsed="0.024191"/>
</kw>
<kw name="Set Selenium Timeout" owner="SeleniumLibrary">
<arg>${TIMEOUT}</arg>
<doc>Sets the timeout that is used by various keywords.</doc>
<status status="PASS" start="2026-03-25T16:33:10.558941" elapsed="0.000000"/>
</kw>
<kw name="Wait Until Page Contains Element" owner="SeleniumLibrary">
<arg>name=username</arg>
<arg>${TIMEOUT}</arg>
<doc>Waits until the element ``locator`` appears on the current page.</doc>
<status status="PASS" start="2026-03-25T16:33:10.558941" elapsed="0.018191"/>
</kw>
<status status="PASS" start="2026-03-25T16:33:09.004107" elapsed="1.573025"/>
</kw>
<kw name="Login As Manager">
<kw name="Input Text" owner="SeleniumLibrary">
<msg time="2026-03-25T16:33:10.579144" level="INFO">Typing text 'mgr1' into text field 'name=username'.</msg>
<arg>name=username</arg>
<arg>${USERNAME}</arg>
<doc>Types the given ``text`` into the text field identified by ``locator``.</doc>
<status status="PASS" start="2026-03-25T16:33:10.577132" elapsed="0.104912"/>
</kw>
<kw name="Input Password" owner="SeleniumLibrary">
<msg time="2026-03-25T16:33:10.682044" level="INFO">Typing password into text field 'name=password'.</msg>
<msg time="2026-03-25T16:33:10.726060" level="INFO">Temporally setting log level to: NONE</msg>
<arg>name=password</arg>
<arg>${PASSWORD}</arg>
<doc>Types the given password into the text field identified by ``locator``.</doc>
<status status="PASS" start="2026-03-25T16:33:10.682044" elapsed="0.083576"/>
</kw>
<kw name="Click Button" owner="SeleniumLibrary">
<msg time="2026-03-25T16:33:10.766070" level="INFO">Clicking button 'xpath=//button[@type='submit']'.</msg>
<arg>xpath=//button[@type='submit']</arg>
<doc>Clicks the button identified by ``locator``.</doc>
<status status="PASS" start="2026-03-25T16:33:10.766070" elapsed="0.062901"/>
</kw>
<kw name="Sleep" owner="BuiltIn">
<msg time="2026-03-25T16:33:12.829154" level="INFO">Slept 2 seconds.</msg>
<arg>2s</arg>
<doc>Pauses the test executed for the given time.</doc>
<status status="PASS" start="2026-03-25T16:33:10.828971" elapsed="2.000183"/>
</kw>
<status status="PASS" start="2026-03-25T16:33:10.577132" elapsed="2.252022"/>
</kw>
<kw name="Go To" owner="SeleniumLibrary">
<msg time="2026-03-25T16:33:12.829154" level="INFO">Opening url 'http://localhost:8080/manager/payroll/payslips'</msg>
<arg>${BASE_URL}/manager/payroll/payslips</arg>
<doc>Navigates the current browser window to the provided ``url``.</doc>
<status status="PASS" start="2026-03-25T16:33:12.829154" elapsed="0.299989"/>
</kw>
<kw name="Wait Until Page Contains" owner="SeleniumLibrary">
<arg>Payroll Payslips</arg>
<arg>${TIMEOUT}</arg>
<doc>Waits until ``text`` appears on the current page.</doc>
<status status="PASS" start="2026-03-25T16:33:13.130424" elapsed="0.010013"/>
</kw>
<kw name="Run Keyword And Return Status" owner="BuiltIn">
<kw name="Page Should Contain Element" owner="SeleniumLibrary">
<msg time="2026-03-25T16:33:13.148607" level="INFO">Current page contains element 'xpath=(//a[contains(@href,'/manager/payroll/payslips/')])[1]'.</msg>
<arg>xpath=(//a[contains(@href,'/manager/payroll/payslips/')])[1]</arg>
<doc>Verifies that element ``locator`` is found on the current page.</doc>
<status status="PASS" start="2026-03-25T16:33:13.140437" elapsed="0.008170"/>
</kw>
<msg time="2026-03-25T16:33:13.148607" level="INFO">${has_detail} = True</msg>
<var>${has_detail}</var>
<arg>Page Should Contain Element</arg>
<arg>xpath=(//a[contains(@href,'/manager/payroll/payslips/')])[1]</arg>
<doc>Runs the specified keyword and returns the status as a Boolean value.</doc>
<status status="PASS" start="2026-03-25T16:33:13.140437" elapsed="0.008170"/>
</kw>
<if>
<branch type="IF" condition="${has_detail}">
<kw name="Click Element" owner="SeleniumLibrary">
<msg time="2026-03-25T16:33:13.148607" level="INFO">Clicking element 'xpath=(//a[contains(@href,'/manager/payroll/payslips/')])[1]'.</msg>
<arg>xpath=(//a[contains(@href,'/manager/payroll/payslips/')])[1]</arg>
<doc>Click the element identified by ``locator``.</doc>
<status status="PASS" start="2026-03-25T16:33:13.148607" elapsed="0.117252"/>
</kw>
<kw name="Sleep" owner="BuiltIn">
<msg time="2026-03-25T16:33:16.266496" level="INFO">Slept 3 seconds.</msg>
<arg>3s</arg>
<doc>Pauses the test executed for the given time.</doc>
<status status="PASS" start="2026-03-25T16:33:13.265859" elapsed="3.000637"/>
</kw>
<status status="PASS" start="2026-03-25T16:33:13.148607" elapsed="3.117889"/>
</branch>
<branch type="ELSE">
<kw name="Fail" owner="BuiltIn">
<arg>Không có payslip nào để mở detail.</arg>
<doc>Fails the test with the given message and optionally alters its tags.</doc>
<status status="NOT RUN" start="2026-03-25T16:33:16.266496" elapsed="0.000000"/>
</kw>
<status status="NOT RUN" start="2026-03-25T16:33:16.266496" elapsed="0.000000"/>
</branch>
<status status="PASS" start="2026-03-25T16:33:13.148607" elapsed="3.117889"/>
</if>
<status status="PASS" start="2026-03-25T16:33:09.004107" elapsed="7.262389"/>
</test>
<test id="s1-t4" name="Manager Open First Batch Detail" line="39">
<kw name="Open Login Page">
<kw name="Open Browser" owner="SeleniumLibrary">
<msg time="2026-03-25T16:33:16.266496" level="INFO">Opening browser 'chrome' to base url 'http://localhost:8080/login'.</msg>
<arg>${LOGIN_URL}</arg>
<arg>${BROWSER}</arg>
<doc>Opens a new browser instance to the optional ``url``.</doc>
<status status="PASS" start="2026-03-25T16:33:16.266496" elapsed="1.609936"/>
</kw>
<kw name="Maximize Browser Window" owner="SeleniumLibrary">
<doc>Maximizes current browser window.</doc>
<status status="PASS" start="2026-03-25T16:33:17.876432" elapsed="0.026794"/>
</kw>
<kw name="Set Selenium Timeout" owner="SeleniumLibrary">
<arg>${TIMEOUT}</arg>
<doc>Sets the timeout that is used by various keywords.</doc>
<status status="PASS" start="2026-03-25T16:33:17.903226" elapsed="0.005234"/>
</kw>
<kw name="Wait Until Page Contains Element" owner="SeleniumLibrary">
<arg>name=username</arg>
<arg>${TIMEOUT}</arg>
<doc>Waits until the element ``locator`` appears on the current page.</doc>
<status status="PASS" start="2026-03-25T16:33:17.908460" elapsed="0.013097"/>
</kw>
<status status="PASS" start="2026-03-25T16:33:16.266496" elapsed="1.657298"/>
</kw>
<kw name="Login As Manager">
<kw name="Input Text" owner="SeleniumLibrary">
<msg time="2026-03-25T16:33:17.923794" level="INFO">Typing text 'mgr1' into text field 'name=username'.</msg>
<arg>name=username</arg>
<arg>${USERNAME}</arg>
<doc>Types the given ``text`` into the text field identified by ``locator``.</doc>
<status status="PASS" start="2026-03-25T16:33:17.923794" elapsed="0.137171"/>
</kw>
<kw name="Input Password" owner="SeleniumLibrary">
<msg time="2026-03-25T16:33:18.061965" level="INFO">Typing password into text field 'name=password'.</msg>
<msg time="2026-03-25T16:33:18.092428" level="INFO">Temporally setting log level to: NONE</msg>
<arg>name=password</arg>
<arg>${PASSWORD}</arg>
<doc>Types the given password into the text field identified by ``locator``.</doc>
<status status="PASS" start="2026-03-25T16:33:18.060965" elapsed="0.080313"/>
</kw>
<kw name="Click Button" owner="SeleniumLibrary">
<msg time="2026-03-25T16:33:18.142073" level="INFO">Clicking button 'xpath=//button[@type='submit']'.</msg>
<arg>xpath=//button[@type='submit']</arg>
<doc>Clicks the button identified by ``locator``.</doc>
<status status="PASS" start="2026-03-25T16:33:18.141278" elapsed="0.062194"/>
</kw>
<kw name="Sleep" owner="BuiltIn">
<msg time="2026-03-25T16:33:20.204114" level="INFO">Slept 2 seconds.</msg>
<arg>2s</arg>
<doc>Pauses the test executed for the given time.</doc>
<status status="PASS" start="2026-03-25T16:33:18.203472" elapsed="2.000642"/>
</kw>
<status status="PASS" start="2026-03-25T16:33:17.923794" elapsed="2.280320"/>
</kw>
<kw name="Go To" owner="SeleniumLibrary">
<msg time="2026-03-25T16:33:20.204114" level="INFO">Opening url 'http://localhost:8080/manager/payroll/periods'</msg>
<arg>${BASE_URL}/manager/payroll/periods</arg>
<doc>Navigates the current browser window to the provided ``url``.</doc>
<status status="PASS" start="2026-03-25T16:33:20.204114" elapsed="0.102472"/>
</kw>
<kw name="Wait Until Page Contains" owner="SeleniumLibrary">
<arg>Payroll Periods</arg>
<arg>${TIMEOUT}</arg>
<doc>Waits until ``text`` appears on the current page.</doc>
<status status="PASS" start="2026-03-25T16:33:20.306586" elapsed="0.014236"/>
</kw>
<kw name="Run Keyword And Return Status" owner="BuiltIn">
<kw name="Page Should Contain Link" owner="SeleniumLibrary">
<msg time="2026-03-25T16:33:20.335487" level="INFO">Current page contains link 'View Batches'.</msg>
<arg>View Batches</arg>
<doc>Verifies link identified by ``locator`` is found from current page.</doc>
<status status="PASS" start="2026-03-25T16:33:20.320822" elapsed="0.014665"/>
</kw>
<msg time="2026-03-25T16:33:20.335487" level="INFO">${has_view_batches} = True</msg>
<var>${has_view_batches}</var>
<arg>Page Should Contain Link</arg>
<arg>View Batches</arg>
<doc>Runs the specified keyword and returns the status as a Boolean value.</doc>
<status status="PASS" start="2026-03-25T16:33:20.320822" elapsed="0.014665"/>
</kw>
<if>
<branch type="IF" condition="${has_view_batches}">
<kw name="Click Link" owner="SeleniumLibrary">
<msg time="2026-03-25T16:33:20.335487" level="INFO">Clicking link 'View Batches'.</msg>
<arg>View Batches</arg>
<doc>Clicks a link identified by ``locator``.</doc>
<status status="PASS" start="2026-03-25T16:33:20.335487" elapsed="0.055143"/>
</kw>
<kw name="Wait Until Page Contains" owner="SeleniumLibrary">
<msg time="2026-03-25T16:33:30.581654" level="INFO" html="true">&lt;/td&gt;&lt;/tr&gt;&lt;tr&gt;&lt;td colspan="3"&gt;&lt;a href="selenium-screenshot-3.png"&gt;&lt;img src="selenium-screenshot-3.png" width="800px"&gt;&lt;/a&gt;</msg>
<msg time="2026-03-25T16:33:30.581654" level="FAIL">Text 'Payroll Batches' did not appear in 10 seconds.</msg>
<arg>Payroll Batches</arg>
<arg>${TIMEOUT}</arg>
<doc>Waits until ``text`` appears on the current page.</doc>
<status status="FAIL" start="2026-03-25T16:33:20.390630" elapsed="10.206826">Text 'Payroll Batches' did not appear in 10 seconds.</status>
</kw>
<kw name="Run Keyword And Return Status" owner="BuiltIn">
<var>${has_view}</var>
<arg>Page Should Contain Link</arg>
<arg>View</arg>
<doc>Runs the specified keyword and returns the status as a Boolean value.</doc>
<status status="NOT RUN" start="2026-03-25T16:33:30.597456" elapsed="0.000000"/>
</kw>
<if>
<branch type="IF" condition="${has_view}">
<kw name="Click Link" owner="SeleniumLibrary">
<arg>View</arg>
<doc>Clicks a link identified by ``locator``.</doc>
<status status="NOT RUN" start="2026-03-25T16:33:30.597456" elapsed="0.000000"/>
</kw>
<kw name="Sleep" owner="BuiltIn">
<arg>3s</arg>
<doc>Pauses the test executed for the given time.</doc>
<status status="NOT RUN" start="2026-03-25T16:33:30.597456" elapsed="0.000000"/>
</kw>
<status status="NOT RUN" start="2026-03-25T16:33:30.597456" elapsed="0.000000"/>
</branch>
<branch type="ELSE">
<kw name="Fail" owner="BuiltIn">
<arg>Không có batch nào để mở detail.</arg>
<doc>Fails the test with the given message and optionally alters its tags.</doc>
<status status="NOT RUN" start="2026-03-25T16:33:30.597456" elapsed="0.000000"/>
</kw>
<status status="NOT RUN" start="2026-03-25T16:33:30.597456" elapsed="0.000000"/>
</branch>
<status status="NOT RUN" start="2026-03-25T16:33:30.597456" elapsed="0.000000"/>
</if>
<status status="FAIL" start="2026-03-25T16:33:20.335487" elapsed="10.261969">Text 'Payroll Batches' did not appear in 10 seconds.</status>
</branch>
<branch type="ELSE">
<kw name="Fail" owner="BuiltIn">
<arg>Không thấy link View Batches.</arg>
<doc>Fails the test with the given message and optionally alters its tags.</doc>
<status status="NOT RUN" start="2026-03-25T16:33:30.597456" elapsed="0.000000"/>
</kw>
<status status="NOT RUN" start="2026-03-25T16:33:30.597456" elapsed="0.000000"/>
</branch>
<status status="FAIL" start="2026-03-25T16:33:20.335487" elapsed="10.261969">Text 'Payroll Batches' did not appear in 10 seconds.</status>
</if>
<status status="FAIL" start="2026-03-25T16:33:16.266496" elapsed="14.330960">Text 'Payroll Batches' did not appear in 10 seconds.</status>
</test>
<test id="s1-t5" name="Manager Open Benefits Page" line="61">
<kw name="Open Login Page">
<kw name="Open Browser" owner="SeleniumLibrary">
<msg time="2026-03-25T16:33:30.597456" level="INFO">Opening browser 'chrome' to base url 'http://localhost:8080/login'.</msg>
<arg>${LOGIN_URL}</arg>
<arg>${BROWSER}</arg>
<doc>Opens a new browser instance to the optional ``url``.</doc>
<status status="PASS" start="2026-03-25T16:33:30.597456" elapsed="1.643189"/>
</kw>
<kw name="Maximize Browser Window" owner="SeleniumLibrary">
<doc>Maximizes current browser window.</doc>
<status status="PASS" start="2026-03-25T16:33:32.240645" elapsed="0.033411"/>
</kw>
<kw name="Set Selenium Timeout" owner="SeleniumLibrary">
<arg>${TIMEOUT}</arg>
<doc>Sets the timeout that is used by various keywords.</doc>
<status status="PASS" start="2026-03-25T16:33:32.274056" elapsed="0.005932"/>
</kw>
<kw name="Wait Until Page Contains Element" owner="SeleniumLibrary">
<arg>name=username</arg>
<arg>${TIMEOUT}</arg>
<doc>Waits until the element ``locator`` appears on the current page.</doc>
<status status="PASS" start="2026-03-25T16:33:32.279988" elapsed="0.006984"/>
</kw>
<status status="PASS" start="2026-03-25T16:33:30.597456" elapsed="1.689516"/>
</kw>
<kw name="Login As Manager">
<kw name="Input Text" owner="SeleniumLibrary">
<msg time="2026-03-25T16:33:32.286972" level="INFO">Typing text 'mgr1' into text field 'name=username'.</msg>
<arg>name=username</arg>
<arg>${USERNAME}</arg>
<doc>Types the given ``text`` into the text field identified by ``locator``.</doc>
<status status="PASS" start="2026-03-25T16:33:32.286972" elapsed="0.125473"/>
</kw>
<kw name="Input Password" owner="SeleniumLibrary">
<msg time="2026-03-25T16:33:32.412445" level="INFO">Typing password into text field 'name=password'.</msg>
<msg time="2026-03-25T16:33:32.440423" level="INFO">Temporally setting log level to: NONE</msg>
<arg>name=password</arg>
<arg>${PASSWORD}</arg>
<doc>Types the given password into the text field identified by ``locator``.</doc>
<status status="PASS" start="2026-03-25T16:33:32.412445" elapsed="0.061998"/>
</kw>
<kw name="Click Button" owner="SeleniumLibrary">
<msg time="2026-03-25T16:33:32.476332" level="INFO">Clicking button 'xpath=//button[@type='submit']'.</msg>
<arg>xpath=//button[@type='submit']</arg>
<doc>Clicks the button identified by ``locator``.</doc>
<status status="PASS" start="2026-03-25T16:33:32.476332" elapsed="0.060966"/>
</kw>
<kw name="Sleep" owner="BuiltIn">
<msg time="2026-03-25T16:33:34.543601" level="INFO">Slept 2 seconds.</msg>
<arg>2s</arg>
<doc>Pauses the test executed for the given time.</doc>
<status status="PASS" start="2026-03-25T16:33:32.537298" elapsed="2.006303"/>
</kw>
<status status="PASS" start="2026-03-25T16:33:32.286972" elapsed="2.256629"/>
</kw>
<kw name="Go To" owner="SeleniumLibrary">
<msg time="2026-03-25T16:33:34.543601" level="INFO">Opening url 'http://localhost:8080/manager/benefits'</msg>
<arg>${BASE_URL}/manager/benefits</arg>
<doc>Navigates the current browser window to the provided ``url``.</doc>
<status status="PASS" start="2026-03-25T16:33:34.543601" elapsed="0.097688"/>
</kw>
<kw name="Wait Until Page Contains" owner="SeleniumLibrary">
<arg>Benefit</arg>
<arg>${TIMEOUT}</arg>
<doc>Waits until ``text`` appears on the current page.</doc>
<status status="PASS" start="2026-03-25T16:33:34.641289" elapsed="6.776577"/>
</kw>
<status status="PASS" start="2026-03-25T16:33:30.597456" elapsed="10.820410"/>
</test>
<test id="s1-t6" name="Manager Open Create Benefit Page" line="67">
<kw name="Open Login Page">
<kw name="Open Browser" owner="SeleniumLibrary">
<msg time="2026-03-25T16:33:41.425503" level="INFO">Opening browser 'chrome' to base url 'http://localhost:8080/login'.</msg>
<arg>${LOGIN_URL}</arg>
<arg>${BROWSER}</arg>
<doc>Opens a new browser instance to the optional ``url``.</doc>
<status status="PASS" start="2026-03-25T16:33:41.425503" elapsed="1.536794"/>
</kw>
<kw name="Maximize Browser Window" owner="SeleniumLibrary">
<doc>Maximizes current browser window.</doc>
<status status="PASS" start="2026-03-25T16:33:42.962297" elapsed="0.028139"/>
</kw>
<kw name="Set Selenium Timeout" owner="SeleniumLibrary">
<arg>${TIMEOUT}</arg>
<doc>Sets the timeout that is used by various keywords.</doc>
<status status="PASS" start="2026-03-25T16:33:42.990436" elapsed="0.010143"/>
</kw>
<kw name="Wait Until Page Contains Element" owner="SeleniumLibrary">
<arg>name=username</arg>
<arg>${TIMEOUT}</arg>
<doc>Waits until the element ``locator`` appears on the current page.</doc>
<status status="PASS" start="2026-03-25T16:33:43.000579" elapsed="0.010024"/>
</kw>
<status status="PASS" start="2026-03-25T16:33:41.425503" elapsed="1.585100"/>
</kw>
<kw name="Login As Manager">
<kw name="Input Text" owner="SeleniumLibrary">
<msg time="2026-03-25T16:33:43.010603" level="INFO">Typing text 'mgr1' into text field 'name=username'.</msg>
<arg>name=username</arg>
<arg>${USERNAME}</arg>
<doc>Types the given ``text`` into the text field identified by ``locator``.</doc>
<status status="PASS" start="2026-03-25T16:33:43.010603" elapsed="0.088009"/>
</kw>
<kw name="Input Password" owner="SeleniumLibrary">
<msg time="2026-03-25T16:33:43.099020" level="INFO">Typing password into text field 'name=password'.</msg>
<msg time="2026-03-25T16:33:43.139936" level="INFO">Temporally setting log level to: NONE</msg>
<arg>name=password</arg>
<arg>${PASSWORD}</arg>
<doc>Types the given password into the text field identified by ``locator``.</doc>
<status status="PASS" start="2026-03-25T16:33:43.098612" elapsed="0.072020"/>
</kw>
<kw name="Click Button" owner="SeleniumLibrary">
<msg time="2026-03-25T16:33:43.170632" level="INFO">Clicking button 'xpath=//button[@type='submit']'.</msg>
<arg>xpath=//button[@type='submit']</arg>
<doc>Clicks the button identified by ``locator``.</doc>
<status status="PASS" start="2026-03-25T16:33:43.170632" elapsed="0.074463"/>
</kw>
<kw name="Sleep" owner="BuiltIn">
<msg time="2026-03-25T16:33:45.245429" level="INFO">Slept 2 seconds.</msg>
<arg>2s</arg>
<doc>Pauses the test executed for the given time.</doc>
<status status="PASS" start="2026-03-25T16:33:43.245095" elapsed="2.000334"/>
</kw>
<status status="PASS" start="2026-03-25T16:33:43.010603" elapsed="2.234826"/>
</kw>
<kw name="Go To" owner="SeleniumLibrary">
<msg time="2026-03-25T16:33:45.245429" level="INFO">Opening url 'http://localhost:8080/manager/benefits'</msg>
<arg>${BASE_URL}/manager/benefits</arg>
<doc>Navigates the current browser window to the provided ``url``.</doc>
<status status="PASS" start="2026-03-25T16:33:45.245429" elapsed="0.045445"/>
</kw>
<kw name="Wait Until Page Contains" owner="SeleniumLibrary">
<msg time="2026-03-25T16:33:49.609690" level="WARN">Keyword 'Capture Page Screenshot' could not be run on failure: Message: invalid session id; For documentation on this error, please visit: https://www.selenium.dev/documentation/webdriver/troubleshooting/errors#invalidsessionidexception
Stacktrace:
	chromedriver!GetHandleVerifier [0x7ff7e8c129c5+2ed785]
	chromedriver!GetHandleVerifier [0x7ff7e893a0d0+14e90]
	chromedriver!(No symbol) [0x7ff7e869d916]
	chromedriver!(No symbol) [0x7ff7e86e8313]
	chromedriver!(No symbol) [0x7ff7e871fe92]
	chromedriver!(No symbol) [0x7ff7e871a011]
	chromedriver!(No symbol) [0x7ff7e87192c3]
	chromedriver!(No symbol) [0x7ff7e8666565]
	chromedriver!GetHandleVerifier [0x7ff7e8c3de0d+318bcd]
	chromedriver!GetHandleVerifier [0x7ff7e8c38588+313348]
	chromedriver!GetHandleVerifier [0x7ff7e8c59d7a+334b3a]
	chromedriver!GetHandleVerifier [0x7ff7e8956785+31545]
	chromedriver!GetHandleVerifier [0x7ff7e895facc+3a88c]
	chromedriver!(No symbol) [0x7ff7e866532a]
	chromedriver!GetHandleVerifier [0x7ff7e8d94b48+46f908]
	KERNEL32!BaseThreadInitThunk [0x7ff9dc65e8d7+17]
	ntdll!RtlUserThreadStart [0x7ff9dd64c48c+2c]
</msg>
<msg time="2026-03-25T16:33:49.610684" level="FAIL">InvalidSessionIdException: Message: invalid session id: session deleted as the browser has closed the connection
from disconnected: not connected to DevTools
  (Session info: chrome=146.0.7680.164); For documentation on this error, please visit: https://www.selenium.dev/documentation/webdriver/troubleshooting/errors#invalidsessionidexception
Stacktrace:
	chromedriver!GetHandleVerifier [0x7ff7e8c129c5+2ed785]
	chromedriver!GetHandleVerifier [0x7ff7e893a0d0+14e90]
	chromedriver!(No symbol) [0x7ff7e869db2d]
	chromedriver!(No symbol) [0x7ff7e8688ca2]
	chromedriver!(No symbol) [0x7ff7e86af416]
	chromedriver!(No symbol) [0x7ff7e87270e0]
	chromedriver!(No symbol) [0x7ff7e8743482]
	chromedriver!(No symbol) [0x7ff7e86e9298]
	chromedriver!(No symbol) [0x7ff7e86ea183]
	chromedriver!GetHandleVerifier [0x7ff7e8c3de0d+318bcd]
	chromedriver!GetHandleVerifier [0x7ff7e8c38588+313348]
	chromedriver!GetHandleVerifier [0x7ff7e8c59d7a+334b3a]
	chromedriver!GetHandleVerifier [0x7ff7e8956785+31545]
	chromedriver!GetHandleVerifier [0x7ff7e895facc+3a88c]
	chromedriver!GetHandleVerifier [0x7ff7e8943634+1e3f4]
	chromedriver!GetHandleVerifier [0x7ff7e89437e6+1e5a6]
	chromedriver!GetHandleVerifier [0x7ff7e8927e37+2bf7]
	KERNEL32!BaseThreadInitThunk [0x7ff9dc65e8d7+17]
	ntdll!RtlUserThreadStart [0x7ff9dd64c48c+2c]
</msg>
<arg>Benefit</arg>
<arg>${TIMEOUT}</arg>
<doc>Waits until ``text`` appears on the current page.</doc>
<status status="FAIL" start="2026-03-25T16:33:45.290874" elapsed="4.327302">InvalidSessionIdException: Message: invalid session id: session deleted as the browser has closed the connection
from disconnected: not connected to DevTools
  (Session info: chrome=146.0.7680.164); For documentation on this error, please visit: https://www.selenium.dev/documentation/webdriver/troubleshooting/errors#invalidsessionidexception
Stacktrace:
	chromedriver!GetHandleVerifier [0x7ff7e8c129c5+2ed785]
	chromedriver!GetHandleVerifier [0x7ff7e893a0d0+14e90]
	chromedriver!(No symbol) [0x7ff7e869db2d]
	chromedriver!(No symbol) [0x7ff7e8688ca2]
	chromedriver!(No symbol) [0x7ff7e86af416]
	chromedriver!(No symbol) [0x7ff7e87270e0]
	chromedriver!(No symbol) [0x7ff7e8743482]
	chromedriver!(No symbol) [0x7ff7e86e9298]
	chromedriver!(No symbol) [0x7ff7e86ea183]
	chromedriver!GetHandleVerifier [0x7ff7e8c3de0d+318bcd]
	chromedriver!GetHandleVerifier [0x7ff7e8c38588+313348]
	chromedriver!GetHandleVerifier [0x7ff7e8c59d7a+334b3a]
	chromedriver!GetHandleVerifier [0x7ff7e8956785+31545]
	chromedriver!GetHandleVerifier [0x7ff7e895facc+3a88c]
	chromedriver!GetHandleVerifier [0x7ff7e8943634+1e3f4]
	chromedriver!GetHandleVerifier [0x7ff7e89437e6+1e5a6]
	chromedriver!GetHandleVerifier [0x7ff7e8927e37+2bf7]
	KERNEL32!BaseThreadInitThunk [0x7ff9dc65e8d7+17]
	ntdll!RtlUserThreadStart [0x7ff9dd64c48c+2c]
</status>
</kw>
<kw name="Run Keyword And Return Status" owner="BuiltIn">
<var>${has_add}</var>
<arg>Page Should Contain Link</arg>
<arg>Add Benefit</arg>
<doc>Runs the specified keyword and returns the status as a Boolean value.</doc>
<status status="NOT RUN" start="2026-03-25T16:33:49.618176" elapsed="0.000913"/>
</kw>
<if>
<branch type="IF" condition="${has_add}">
<kw name="Click Link" owner="SeleniumLibrary">
<arg>Add Benefit</arg>
<doc>Clicks a link identified by ``locator``.</doc>
<status status="NOT RUN" start="2026-03-25T16:33:49.619089" elapsed="0.000000"/>
</kw>
<kw name="Sleep" owner="BuiltIn">
<arg>2s</arg>
<doc>Pauses the test executed for the given time.</doc>
<status status="NOT RUN" start="2026-03-25T16:33:49.619089" elapsed="0.000000"/>
</kw>
<status status="NOT RUN" start="2026-03-25T16:33:49.619089" elapsed="0.000000"/>
</branch>
<branch type="ELSE">
<kw name="Run Keyword And Return Status" owner="BuiltIn">
<var>${has_add_btn}</var>
<arg>Page Should Contain Button</arg>
<arg>Add Benefit</arg>
<doc>Runs the specified keyword and returns the status as a Boolean value.</doc>
<status status="NOT RUN" start="2026-03-25T16:33:49.619089" elapsed="0.000000"/>
</kw>
<if>
<branch type="IF" condition="${has_add_btn}">
<kw name="Click Button" owner="SeleniumLibrary">
<arg>Add Benefit</arg>
<doc>Clicks the button identified by ``locator``.</doc>
<status status="NOT RUN" start="2026-03-25T16:33:49.619089" elapsed="0.000000"/>
</kw>
<kw name="Sleep" owner="BuiltIn">
<arg>2s</arg>
<doc>Pauses the test executed for the given time.</doc>
<status status="NOT RUN" start="2026-03-25T16:33:49.619089" elapsed="0.000000"/>
</kw>
<status status="NOT RUN" start="2026-03-25T16:33:49.619089" elapsed="0.000000"/>
</branch>
<branch type="ELSE">
<kw name="Fail" owner="BuiltIn">
<arg>Không thấy nút Add Benefit.</arg>
<doc>Fails the test with the given message and optionally alters its tags.</doc>
<status status="NOT RUN" start="2026-03-25T16:33:49.619089" elapsed="0.000000"/>
</kw>
<status status="NOT RUN" start="2026-03-25T16:33:49.619089" elapsed="0.000000"/>
</branch>
<status status="NOT RUN" start="2026-03-25T16:33:49.619089" elapsed="0.000000"/>
</if>
<status status="NOT RUN" start="2026-03-25T16:33:49.619089" elapsed="0.000000"/>
</branch>
<status status="NOT RUN" start="2026-03-25T16:33:49.619089" elapsed="0.000000"/>
</if>
<status status="FAIL" start="2026-03-25T16:33:41.417866" elapsed="8.201223">InvalidSessionIdException: Message: invalid session id: session deleted as the browser has closed the connection
from disconnected: not connected to DevTools
  (Session info: chrome=146.0.7680.164); For documentation on this error, please visit: https://www.selenium.dev/documentation/webdriver/troubleshooting/errors#invalidsessionidexception
Stacktrace:
	chromedriver!GetHandleVerifier [0x7ff7e8c129c5+2ed785]
	chromedriver!GetHandleVerifier [0x7ff7e893a0d0+14e90]
	chromedriver!(No symbol) [0x7ff7e869db2d]
	chromedriver!(No symbol) [0x7ff7e8688ca2]
	chromedriver!(No symbol) [0x7ff7e86af416]
	chromedriver!(No symbol) [0x7ff7e87270e0]
	chromedriver!(No symbol) [0x7ff7e8743482]
	chromedriver!(No symbol) [0x7ff7e86e9298]
	chromedriver!(No symbol) [0x7ff7e86ea183]
	chromedriver!GetHandleVerifier [0x7ff7e8c3de0d+318bcd]
	chromedriver!GetHandleVerifier [0x7ff7e8c38588+313348]
	chromedriver!GetHandleVerifier [0x7ff7e8c59d7a+334b3a]
	chromedriver!GetHandleVerifier [0x7ff7e8956785+31545]
	chromedriver!GetHandleVerifier [0x7ff7e895facc+3a88c]
	chromedriver!GetHandleVerifier [0x7ff7e8943634+1e3f4]
	chromedriver!GetHandleVerifier [0x7ff7e89437e6+1e5a6]
	chromedriver!GetHandleVerifier [0x7ff7e8927e37+2bf7]
	KERNEL32!BaseThreadInitThunk [0x7ff9dc65e8d7+17]
	ntdll!RtlUserThreadStart [0x7ff9dd64c48c+2c]
</status>
</test>
<test id="s1-t7" name="Manager Create Income Benefit" line="88">
<kw name="Open Login Page">
<kw name="Open Browser" owner="SeleniumLibrary">
<msg time="2026-03-25T16:33:49.619089" level="INFO">Opening browser 'chrome' to base url 'http://localhost:8080/login'.</msg>
<arg>${LOGIN_URL}</arg>
<arg>${BROWSER}</arg>
<doc>Opens a new browser instance to the optional ``url``.</doc>
<status status="PASS" start="2026-03-25T16:33:49.619089" elapsed="1.565565"/>
</kw>
<kw name="Maximize Browser Window" owner="SeleniumLibrary">
<doc>Maximizes current browser window.</doc>
<status status="PASS" start="2026-03-25T16:33:51.187439" elapsed="0.028823"/>
</kw>
<kw name="Set Selenium Timeout" owner="SeleniumLibrary">
<msg time="2026-03-25T16:33:51.350418" level="INFO" html="true">&lt;/td&gt;&lt;/tr&gt;&lt;tr&gt;&lt;td colspan="3"&gt;&lt;a href="selenium-screenshot-4.png"&gt;&lt;img src="selenium-screenshot-4.png" width="800px"&gt;&lt;/a&gt;</msg>
<msg time="2026-03-25T16:33:51.350418" level="FAIL">InvalidSessionIdException: Message: invalid session id; For documentation on this error, please visit: https://www.selenium.dev/documentation/webdriver/troubleshooting/errors#invalidsessionidexception
Stacktrace:
	chromedriver!GetHandleVerifier [0x7ff7e8c129c5+2ed785]
	chromedriver!GetHandleVerifier [0x7ff7e893a0d0+14e90]
	chromedriver!(No symbol) [0x7ff7e869d916]
	chromedriver!(No symbol) [0x7ff7e86e8313]
	chromedriver!(No symbol) [0x7ff7e871fe92]
	chromedriver!(No symbol) [0x7ff7e871a011]
	chromedriver!(No symbol) [0x7ff7e87192c3]
	chromedriver!(No symbol) [0x7ff7e8666565]
	chromedriver!GetHandleVerifier [0x7ff7e8c3de0d+318bcd]
	chromedriver!GetHandleVerifier [0x7ff7e8c38588+313348]
	chromedriver!GetHandleVerifier [0x7ff7e8c59d7a+334b3a]
	chromedriver!GetHandleVerifier [0x7ff7e8956785+31545]
	chromedriver!GetHandleVerifier [0x7ff7e895facc+3a88c]
	chromedriver!(No symbol) [0x7ff7e866532a]
	chromedriver!GetHandleVerifier [0x7ff7e8d94b48+46f908]
	KERNEL32!BaseThreadInitThunk [0x7ff9dc65e8d7+17]
	ntdll!RtlUserThreadStart [0x7ff9dd64c48c+2c]
</msg>
<arg>${TIMEOUT}</arg>
<doc>Sets the timeout that is used by various keywords.</doc>
<status status="FAIL" start="2026-03-25T16:33:51.216262" elapsed="0.137165">InvalidSessionIdException: Message: invalid session id; For documentation on this error, please visit: https://www.selenium.dev/documentation/webdriver/troubleshooting/errors#invalidsessionidexception
Stacktrace:
	chromedriver!GetHandleVerifier [0x7ff7e8c129c5+2ed785]
	chromedriver!GetHandleVerifier [0x7ff7e893a0d0+14e90]
	chromedriver!(No symbol) [0x7ff7e869d916]
	chromedriver!(No symbol) [0x7ff7e86e8313]
	chromedriver!(No symbol) [0x7ff7e871fe92]
	chromedriver!(No symbol) [0x7ff7e871a011]
	chromedriver!(No symbol) [0x7ff7e87192c3]
	chromedriver!(No symbol) [0x7ff7e8666565]
	chromedriver!GetHandleVerifier [0x7ff7e8c3de0d+318bcd]
	chromedriver!GetHandleVerifier [0x7ff7e8c38588+313348]
	chromedriver!GetHandleVerifier [0x7ff7e8c59d7a+334b3a]
	chromedriver!GetHandleVerifier [0x7ff7e8956785+31545]
	chromedriver!GetHandleVerifier [0x7ff7e895facc+3a88c]
	chromedriver!(No symbol) [0x7ff7e866532a]
	chromedriver!GetHandleVerifier [0x7ff7e8d94b48+46f908]
	KERNEL32!BaseThreadInitThunk [0x7ff9dc65e8d7+17]
	ntdll!RtlUserThreadStart [0x7ff9dd64c48c+2c]
</status>
</kw>
<kw name="Wait Until Page Contains Element" owner="SeleniumLibrary">
<arg>name=username</arg>
<arg>${TIMEOUT}</arg>
<doc>Waits until the element ``locator`` appears on the current page.</doc>
<status status="NOT RUN" start="2026-03-25T16:33:51.353427" elapsed="0.000000"/>
</kw>
<status status="FAIL" start="2026-03-25T16:33:49.619089" elapsed="1.734940">InvalidSessionIdException: Message: invalid session id; For documentation on this error, please visit: https://www.selenium.dev/documentation/webdriver/troubleshooting/errors#invalidsessionidexception
Stacktrace:
	chromedriver!GetHandleVerifier [0x7ff7e8c129c5+2ed785]
	chromedriver!GetHandleVerifier [0x7ff7e893a0d0+14e90]
	chromedriver!(No symbol) [0x7ff7e869d916]
	chromedriver!(No symbol) [0x7ff7e86e8313]
	chromedriver!(No symbol) [0x7ff7e871fe92]
	chromedriver!(No symbol) [0x7ff7e871a011]
	chromedriver!(No symbol) [0x7ff7e87192c3]
	chromedriver!(No symbol) [0x7ff7e8666565]
	chromedriver!GetHandleVerifier [0x7ff7e8c3de0d+318bcd]
	chromedriver!GetHandleVerifier [0x7ff7e8c38588+313348]
	chromedriver!GetHandleVerifier [0x7ff7e8c59d7a+334b3a]
	chromedriver!GetHandleVerifier [0x7ff7e8956785+31545]
	chromedriver!GetHandleVerifier [0x7ff7e895facc+3a88c]
	chromedriver!(No symbol) [0x7ff7e866532a]
	chromedriver!GetHandleVerifier [0x7ff7e8d94b48+46f908]
	KERNEL32!BaseThreadInitThunk [0x7ff9dc65e8d7+17]
	ntdll!RtlUserThreadStart [0x7ff9dd64c48c+2c]
</status>
</kw>
<kw name="Login As Manager">
<status status="NOT RUN" start="2026-03-25T16:33:51.354029" elapsed="0.000000"/>
</kw>
<kw name="Go To" owner="SeleniumLibrary">
<arg>${BASE_URL}/manager/benefits/create</arg>
<doc>Navigates the current browser window to the provided ``url``.</doc>
<status status="NOT RUN" start="2026-03-25T16:33:51.354029" elapsed="0.000000"/>
</kw>
<kw name="Wait Until Page Contains Element" owner="SeleniumLibrary">
<arg>xpath=//form</arg>
<arg>${TIMEOUT}</arg>
<doc>Waits until the element ``locator`` appears on the current page.</doc>
<status status="NOT RUN" start="2026-03-25T16:33:51.354029" elapsed="0.000000"/>
</kw>
<kw name="Input Benefit Form">
<arg>BF_ROBOT_INCOME</arg>
<arg>Lunch Allowance Robot</arg>
<arg>INCOME</arg>
<arg>FIXED</arg>
<arg>50000</arg>
<status status="NOT RUN" start="2026-03-25T16:33:51.356265" elapsed="0.000000"/>
</kw>
<kw name="Submit Benefit Form">
<status status="NOT RUN" start="2026-03-25T16:33:51.357262" elapsed="0.000000"/>
</kw>
<status status="FAIL" start="2026-03-25T16:33:49.619089" elapsed="1.738173">InvalidSessionIdException: Message: invalid session id; For documentation on this error, please visit: https://www.selenium.dev/documentation/webdriver/troubleshooting/errors#invalidsessionidexception
Stacktrace:
	chromedriver!GetHandleVerifier [0x7ff7e8c129c5+2ed785]
	chromedriver!GetHandleVerifier [0x7ff7e893a0d0+14e90]
	chromedriver!(No symbol) [0x7ff7e869d916]
	chromedriver!(No symbol) [0x7ff7e86e8313]
	chromedriver!(No symbol) [0x7ff7e871fe92]
	chromedriver!(No symbol) [0x7ff7e871a011]
	chromedriver!(No symbol) [0x7ff7e87192c3]
	chromedriver!(No symbol) [0x7ff7e8666565]
	chromedriver!GetHandleVerifier [0x7ff7e8c3de0d+318bcd]
	chromedriver!GetHandleVerifier [0x7ff7e8c38588+313348]
	chromedriver!GetHandleVerifier [0x7ff7e8c59d7a+334b3a]
	chromedriver!GetHandleVerifier [0x7ff7e8956785+31545]
	chromedriver!GetHandleVerifier [0x7ff7e895facc+3a88c]
	chromedriver!(No symbol) [0x7ff7e866532a]
	chromedriver!GetHandleVerifier [0x7ff7e8d94b48+46f908]
	KERNEL32!BaseThreadInitThunk [0x7ff9dc65e8d7+17]
	ntdll!RtlUserThreadStart [0x7ff9dd64c48c+2c]
</status>
</test>
<test id="s1-t8" name="Manager Create Deduction Benefit" line="101">
<kw name="Open Login Page">
<kw name="Open Browser" owner="SeleniumLibrary">
<msg time="2026-03-25T16:33:51.359267" level="INFO">Opening browser 'chrome' to base url 'http://localhost:8080/login'.</msg>
<arg>${LOGIN_URL}</arg>
<arg>${BROWSER}</arg>
<doc>Opens a new browser instance to the optional ``url``.</doc>
<status status="PASS" start="2026-03-25T16:33:51.358275" elapsed="1.562117"/>
</kw>
<kw name="Maximize Browser Window" owner="SeleniumLibrary">
<doc>Maximizes current browser window.</doc>
<status status="PASS" start="2026-03-25T16:33:52.921394" elapsed="0.034692"/>
</kw>
<kw name="Set Selenium Timeout" owner="SeleniumLibrary">
<msg time="2026-03-25T16:33:53.107086" level="INFO" html="true">&lt;/td&gt;&lt;/tr&gt;&lt;tr&gt;&lt;td colspan="3"&gt;&lt;a href="selenium-screenshot-5.png"&gt;&lt;img src="selenium-screenshot-5.png" width="800px"&gt;&lt;/a&gt;</msg>
<msg time="2026-03-25T16:33:53.107086" level="FAIL">InvalidSessionIdException: Message: invalid session id; For documentation on this error, please visit: https://www.selenium.dev/documentation/webdriver/troubleshooting/errors#invalidsessionidexception
Stacktrace:
	chromedriver!GetHandleVerifier [0x7ff7e8c129c5+2ed785]
	chromedriver!GetHandleVerifier [0x7ff7e893a0d0+14e90]
	chromedriver!(No symbol) [0x7ff7e869d916]
	chromedriver!(No symbol) [0x7ff7e86e8313]
	chromedriver!(No symbol) [0x7ff7e871fe92]
	chromedriver!(No symbol) [0x7ff7e871a011]
	chromedriver!(No symbol) [0x7ff7e87192c3]
	chromedriver!(No symbol) [0x7ff7e8666565]
	chromedriver!GetHandleVerifier [0x7ff7e8c3de0d+318bcd]
	chromedriver!GetHandleVerifier [0x7ff7e8c38588+313348]
	chromedriver!GetHandleVerifier [0x7ff7e8c59d7a+334b3a]
	chromedriver!GetHandleVerifier [0x7ff7e8956785+31545]
	chromedriver!GetHandleVerifier [0x7ff7e895facc+3a88c]
	chromedriver!(No symbol) [0x7ff7e866532a]
	chromedriver!GetHandleVerifier [0x7ff7e8d94b48+46f908]
	KERNEL32!BaseThreadInitThunk [0x7ff9dc65e8d7+17]
	ntdll!RtlUserThreadStart [0x7ff9dd64c48c+2c]
</msg>
<arg>${TIMEOUT}</arg>
<doc>Sets the timeout that is used by various keywords.</doc>
<status status="FAIL" start="2026-03-25T16:33:52.956086" elapsed="0.151000">InvalidSessionIdException: Message: invalid session id; For documentation on this error, please visit: https://www.selenium.dev/documentation/webdriver/troubleshooting/errors#invalidsessionidexception
Stacktrace:
	chromedriver!GetHandleVerifier [0x7ff7e8c129c5+2ed785]
	chromedriver!GetHandleVerifier [0x7ff7e893a0d0+14e90]
	chromedriver!(No symbol) [0x7ff7e869d916]
	chromedriver!(No symbol) [0x7ff7e86e8313]
	chromedriver!(No symbol) [0x7ff7e871fe92]
	chromedriver!(No symbol) [0x7ff7e871a011]
	chromedriver!(No symbol) [0x7ff7e87192c3]
	chromedriver!(No symbol) [0x7ff7e8666565]
	chromedriver!GetHandleVerifier [0x7ff7e8c3de0d+318bcd]
	chromedriver!GetHandleVerifier [0x7ff7e8c38588+313348]
	chromedriver!GetHandleVerifier [0x7ff7e8c59d7a+334b3a]
	chromedriver!GetHandleVerifier [0x7ff7e8956785+31545]
	chromedriver!GetHandleVerifier [0x7ff7e895facc+3a88c]
	chromedriver!(No symbol) [0x7ff7e866532a]
	chromedriver!GetHandleVerifier [0x7ff7e8d94b48+46f908]
	KERNEL32!BaseThreadInitThunk [0x7ff9dc65e8d7+17]
	ntdll!RtlUserThreadStart [0x7ff9dd64c48c+2c]
</status>
</kw>
<kw name="Wait Until Page Contains Element" owner="SeleniumLibrary">
<arg>name=username</arg>
<arg>${TIMEOUT}</arg>
<doc>Waits until the element ``locator`` appears on the current page.</doc>
<status status="NOT RUN" start="2026-03-25T16:33:53.107086" elapsed="0.000000"/>
</kw>
<status status="FAIL" start="2026-03-25T16:33:51.358275" elapsed="1.748811">InvalidSessionIdException: Message: invalid session id; For documentation on this error, please visit: https://www.selenium.dev/documentation/webdriver/troubleshooting/errors#invalidsessionidexception
Stacktrace:
	chromedriver!GetHandleVerifier [0x7ff7e8c129c5+2ed785]
	chromedriver!GetHandleVerifier [0x7ff7e893a0d0+14e90]
	chromedriver!(No symbol) [0x7ff7e869d916]
	chromedriver!(No symbol) [0x7ff7e86e8313]
	chromedriver!(No symbol) [0x7ff7e871fe92]
	chromedriver!(No symbol) [0x7ff7e871a011]
	chromedriver!(No symbol) [0x7ff7e87192c3]
	chromedriver!(No symbol) [0x7ff7e8666565]
	chromedriver!GetHandleVerifier [0x7ff7e8c3de0d+318bcd]
	chromedriver!GetHandleVerifier [0x7ff7e8c38588+313348]
	chromedriver!GetHandleVerifier [0x7ff7e8c59d7a+334b3a]
	chromedriver!GetHandleVerifier [0x7ff7e8956785+31545]
	chromedriver!GetHandleVerifier [0x7ff7e895facc+3a88c]
	chromedriver!(No symbol) [0x7ff7e866532a]
	chromedriver!GetHandleVerifier [0x7ff7e8d94b48+46f908]
	KERNEL32!BaseThreadInitThunk [0x7ff9dc65e8d7+17]
	ntdll!RtlUserThreadStart [0x7ff9dd64c48c+2c]
</status>
</kw>
<kw name="Login As Manager">
<status status="NOT RUN" start="2026-03-25T16:33:53.107086" elapsed="0.000000"/>
</kw>
<kw name="Go To" owner="SeleniumLibrary">
<arg>${BASE_URL}/manager/benefits/create</arg>
<doc>Navigates the current browser window to the provided ``url``.</doc>
<status status="NOT RUN" start="2026-03-25T16:33:53.107086" elapsed="0.000000"/>
</kw>
<kw name="Wait Until Page Contains Element" owner="SeleniumLibrary">
<arg>xpath=//form</arg>
<arg>${TIMEOUT}</arg>
<doc>Waits until the element ``locator`` appears on the current page.</doc>
<status status="NOT RUN" start="2026-03-25T16:33:53.107086" elapsed="0.000000"/>
</kw>
<kw name="Input Benefit Form">
<arg>BF_ROBOT_DEDUCT</arg>
<arg>Parking Fee Robot</arg>
<arg>DEDUCTION</arg>
<arg>FIXED</arg>
<arg>20000</arg>
<status status="NOT RUN" start="2026-03-25T16:33:53.107086" elapsed="0.000000"/>
</kw>
<kw name="Submit Benefit Form">
<status status="NOT RUN" start="2026-03-25T16:33:53.107086" elapsed="0.000000"/>
</kw>
<status status="FAIL" start="2026-03-25T16:33:51.358275" elapsed="1.748811">InvalidSessionIdException: Message: invalid session id; For documentation on this error, please visit: https://www.selenium.dev/documentation/webdriver/troubleshooting/errors#invalidsessionidexception
Stacktrace:
	chromedriver!GetHandleVerifier [0x7ff7e8c129c5+2ed785]
	chromedriver!GetHandleVerifier [0x7ff7e893a0d0+14e90]
	chromedriver!(No symbol) [0x7ff7e869d916]
	chromedriver!(No symbol) [0x7ff7e86e8313]
	chromedriver!(No symbol) [0x7ff7e871fe92]
	chromedriver!(No symbol) [0x7ff7e871a011]
	chromedriver!(No symbol) [0x7ff7e87192c3]
	chromedriver!(No symbol) [0x7ff7e8666565]
	chromedriver!GetHandleVerifier [0x7ff7e8c3de0d+318bcd]
	chromedriver!GetHandleVerifier [0x7ff7e8c38588+313348]
	chromedriver!GetHandleVerifier [0x7ff7e8c59d7a+334b3a]
	chromedriver!GetHandleVerifier [0x7ff7e8956785+31545]
	chromedriver!GetHandleVerifier [0x7ff7e895facc+3a88c]
	chromedriver!(No symbol) [0x7ff7e866532a]
	chromedriver!GetHandleVerifier [0x7ff7e8d94b48+46f908]
	KERNEL32!BaseThreadInitThunk [0x7ff9dc65e8d7+17]
	ntdll!RtlUserThreadStart [0x7ff9dd64c48c+2c]
</status>
</test>
<test id="s1-t9" name="Manager Open Edit First Benefit If Available" line="114">
<kw name="Open Login Page">
<kw name="Open Browser" owner="SeleniumLibrary">
<msg time="2026-03-25T16:33:53.120079" level="INFO">Opening browser 'chrome' to base url 'http://localhost:8080/login'.</msg>
<arg>${LOGIN_URL}</arg>
<arg>${BROWSER}</arg>
<doc>Opens a new browser instance to the optional ``url``.</doc>
<status status="PASS" start="2026-03-25T16:33:53.118069" elapsed="1.736528"/>
</kw>
<kw name="Maximize Browser Window" owner="SeleniumLibrary">
<doc>Maximizes current browser window.</doc>
<status status="PASS" start="2026-03-25T16:33:54.854597" elapsed="0.032145"/>
</kw>
<kw name="Set Selenium Timeout" owner="SeleniumLibrary">
<msg time="2026-03-25T16:33:55.008704" level="INFO" html="true">&lt;/td&gt;&lt;/tr&gt;&lt;tr&gt;&lt;td colspan="3"&gt;&lt;a href="selenium-screenshot-6.png"&gt;&lt;img src="selenium-screenshot-6.png" width="800px"&gt;&lt;/a&gt;</msg>
<msg time="2026-03-25T16:33:55.008704" level="FAIL">InvalidSessionIdException: Message: invalid session id; For documentation on this error, please visit: https://www.selenium.dev/documentation/webdriver/troubleshooting/errors#invalidsessionidexception
Stacktrace:
	chromedriver!GetHandleVerifier [0x7ff7e8c129c5+2ed785]
	chromedriver!GetHandleVerifier [0x7ff7e893a0d0+14e90]
	chromedriver!(No symbol) [0x7ff7e869d916]
	chromedriver!(No symbol) [0x7ff7e86e8313]
	chromedriver!(No symbol) [0x7ff7e871fe92]
	chromedriver!(No symbol) [0x7ff7e871a011]
	chromedriver!(No symbol) [0x7ff7e87192c3]
	chromedriver!(No symbol) [0x7ff7e8666565]
	chromedriver!GetHandleVerifier [0x7ff7e8c3de0d+318bcd]
	chromedriver!GetHandleVerifier [0x7ff7e8c38588+313348]
	chromedriver!GetHandleVerifier [0x7ff7e8c59d7a+334b3a]
	chromedriver!GetHandleVerifier [0x7ff7e8956785+31545]
	chromedriver!GetHandleVerifier [0x7ff7e895facc+3a88c]
	chromedriver!(No symbol) [0x7ff7e866532a]
	chromedriver!GetHandleVerifier [0x7ff7e8d94b48+46f908]
	KERNEL32!BaseThreadInitThunk [0x7ff9dc65e8d7+17]
	ntdll!RtlUserThreadStart [0x7ff9dd64c48c+2c]
</msg>
<arg>${TIMEOUT}</arg>
<doc>Sets the timeout that is used by various keywords.</doc>
<status status="FAIL" start="2026-03-25T16:33:54.886742" elapsed="0.121962">InvalidSessionIdException: Message: invalid session id; For documentation on this error, please visit: https://www.selenium.dev/documentation/webdriver/troubleshooting/errors#invalidsessionidexception
Stacktrace:
	chromedriver!GetHandleVerifier [0x7ff7e8c129c5+2ed785]
	chromedriver!GetHandleVerifier [0x7ff7e893a0d0+14e90]
	chromedriver!(No symbol) [0x7ff7e869d916]
	chromedriver!(No symbol) [0x7ff7e86e8313]
	chromedriver!(No symbol) [0x7ff7e871fe92]
	chromedriver!(No symbol) [0x7ff7e871a011]
	chromedriver!(No symbol) [0x7ff7e87192c3]
	chromedriver!(No symbol) [0x7ff7e8666565]
	chromedriver!GetHandleVerifier [0x7ff7e8c3de0d+318bcd]
	chromedriver!GetHandleVerifier [0x7ff7e8c38588+313348]
	chromedriver!GetHandleVerifier [0x7ff7e8c59d7a+334b3a]
	chromedriver!GetHandleVerifier [0x7ff7e8956785+31545]
	chromedriver!GetHandleVerifier [0x7ff7e895facc+3a88c]
	chromedriver!(No symbol) [0x7ff7e866532a]
	chromedriver!GetHandleVerifier [0x7ff7e8d94b48+46f908]
	KERNEL32!BaseThreadInitThunk [0x7ff9dc65e8d7+17]
	ntdll!RtlUserThreadStart [0x7ff9dd64c48c+2c]
</status>
</kw>
<kw name="Wait Until Page Contains Element" owner="SeleniumLibrary">
<arg>name=username</arg>
<arg>${TIMEOUT}</arg>
<doc>Waits until the element ``locator`` appears on the current page.</doc>
<status status="NOT RUN" start="2026-03-25T16:33:55.008704" elapsed="0.000000"/>
</kw>
<status status="FAIL" start="2026-03-25T16:33:53.117404" elapsed="1.891300">InvalidSessionIdException: Message: invalid session id; For documentation on this error, please visit: https://www.selenium.dev/documentation/webdriver/troubleshooting/errors#invalidsessionidexception
Stacktrace:
	chromedriver!GetHandleVerifier [0x7ff7e8c129c5+2ed785]
	chromedriver!GetHandleVerifier [0x7ff7e893a0d0+14e90]
	chromedriver!(No symbol) [0x7ff7e869d916]
	chromedriver!(No symbol) [0x7ff7e86e8313]
	chromedriver!(No symbol) [0x7ff7e871fe92]
	chromedriver!(No symbol) [0x7ff7e871a011]
	chromedriver!(No symbol) [0x7ff7e87192c3]
	chromedriver!(No symbol) [0x7ff7e8666565]
	chromedriver!GetHandleVerifier [0x7ff7e8c3de0d+318bcd]
	chromedriver!GetHandleVerifier [0x7ff7e8c38588+313348]
	chromedriver!GetHandleVerifier [0x7ff7e8c59d7a+334b3a]
	chromedriver!GetHandleVerifier [0x7ff7e8956785+31545]
	chromedriver!GetHandleVerifier [0x7ff7e895facc+3a88c]
	chromedriver!(No symbol) [0x7ff7e866532a]
	chromedriver!GetHandleVerifier [0x7ff7e8d94b48+46f908]
	KERNEL32!BaseThreadInitThunk [0x7ff9dc65e8d7+17]
	ntdll!RtlUserThreadStart [0x7ff9dd64c48c+2c]
</status>
</kw>
<kw name="Login As Manager">
<status status="NOT RUN" start="2026-03-25T16:33:55.008704" elapsed="0.000000"/>
</kw>
<kw name="Go To" owner="SeleniumLibrary">
<arg>${BASE_URL}/manager/benefits</arg>
<doc>Navigates the current browser window to the provided ``url``.</doc>
<status status="NOT RUN" start="2026-03-25T16:33:55.008704" elapsed="0.000000"/>
</kw>
<kw name="Wait Until Page Contains" owner="SeleniumLibrary">
<arg>Benefit</arg>
<arg>${TIMEOUT}</arg>
<doc>Waits until ``text`` appears on the current page.</doc>
<status status="NOT RUN" start="2026-03-25T16:33:55.008704" elapsed="0.000000"/>
</kw>
<kw name="Run Keyword And Return Status" owner="BuiltIn">
<var>${has_edit}</var>
<arg>Page Should Contain Element</arg>
<arg>xpath=(//a[contains(@href,'/manager/benefits/edit/')])[1]</arg>
<doc>Runs the specified keyword and returns the status as a Boolean value.</doc>
<status status="NOT RUN" start="2026-03-25T16:33:55.008704" elapsed="0.000000"/>
</kw>
<if>
<branch type="IF" condition="${has_edit}">
<kw name="Click Element" owner="SeleniumLibrary">
<arg>xpath=(//a[contains(@href,'/manager/benefits/edit/')])[1]</arg>
<doc>Click the element identified by ``locator``.</doc>
<status status="NOT RUN" start="2026-03-25T16:33:55.014803" elapsed="0.000000"/>
</kw>
<kw name="Sleep" owner="BuiltIn">
<arg>2s</arg>
<doc>Pauses the test executed for the given time.</doc>
<status status="NOT RUN" start="2026-03-25T16:33:55.014803" elapsed="0.000000"/>
</kw>
<status status="NOT RUN" start="2026-03-25T16:33:55.008704" elapsed="0.006099"/>
</branch>
<branch type="ELSE">
<kw name="Log" owner="BuiltIn">
<arg>Không có benefit nào để edit.</arg>
<doc>Logs the given message with the given level.</doc>
<status status="NOT RUN" start="2026-03-25T16:33:55.014803" elapsed="0.000000"/>
</kw>
<status status="NOT RUN" start="2026-03-25T16:33:55.014803" elapsed="0.000000"/>
</branch>
<status status="NOT RUN" start="2026-03-25T16:33:55.008704" elapsed="0.006099"/>
</if>
<status status="FAIL" start="2026-03-25T16:33:53.107086" elapsed="1.907717">InvalidSessionIdException: Message: invalid session id; For documentation on this error, please visit: https://www.selenium.dev/documentation/webdriver/troubleshooting/errors#invalidsessionidexception
Stacktrace:
	chromedriver!GetHandleVerifier [0x7ff7e8c129c5+2ed785]
	chromedriver!GetHandleVerifier [0x7ff7e893a0d0+14e90]
	chromedriver!(No symbol) [0x7ff7e869d916]
	chromedriver!(No symbol) [0x7ff7e86e8313]
	chromedriver!(No symbol) [0x7ff7e871fe92]
	chromedriver!(No symbol) [0x7ff7e871a011]
	chromedriver!(No symbol) [0x7ff7e87192c3]
	chromedriver!(No symbol) [0x7ff7e8666565]
	chromedriver!GetHandleVerifier [0x7ff7e8c3de0d+318bcd]
	chromedriver!GetHandleVerifier [0x7ff7e8c38588+313348]
	chromedriver!GetHandleVerifier [0x7ff7e8c59d7a+334b3a]
	chromedriver!GetHandleVerifier [0x7ff7e8956785+31545]
	chromedriver!GetHandleVerifier [0x7ff7e895facc+3a88c]
	chromedriver!(No symbol) [0x7ff7e866532a]
	chromedriver!GetHandleVerifier [0x7ff7e8d94b48+46f908]
	KERNEL32!BaseThreadInitThunk [0x7ff9dc65e8d7+17]
	ntdll!RtlUserThreadStart [0x7ff9dd64c48c+2c]
</status>
</test>
<status status="FAIL" start="2026-03-25T16:33:00.463487" elapsed="54.552202"/>
</suite>
<statistics>
<total>
<stat pass="4" fail="5" skip="0">All Tests</stat>
</total>
<tag>
</tag>
<suite>
<stat name="Mgr Payroll Test" id="s1" pass="4" fail="5" skip="0">Mgr Payroll Test</stat>
</suite>
</statistics>
<errors>
<msg time="2026-03-25T16:33:49.609690" level="WARN">Keyword 'Capture Page Screenshot' could not be run on failure: Message: invalid session id; For documentation on this error, please visit: https://www.selenium.dev/documentation/webdriver/troubleshooting/errors#invalidsessionidexception
Stacktrace:
	chromedriver!GetHandleVerifier [0x7ff7e8c129c5+2ed785]
	chromedriver!GetHandleVerifier [0x7ff7e893a0d0+14e90]
	chromedriver!(No symbol) [0x7ff7e869d916]
	chromedriver!(No symbol) [0x7ff7e86e8313]
	chromedriver!(No symbol) [0x7ff7e871fe92]
	chromedriver!(No symbol) [0x7ff7e871a011]
	chromedriver!(No symbol) [0x7ff7e87192c3]
	chromedriver!(No symbol) [0x7ff7e8666565]
	chromedriver!GetHandleVerifier [0x7ff7e8c3de0d+318bcd]
	chromedriver!GetHandleVerifier [0x7ff7e8c38588+313348]
	chromedriver!GetHandleVerifier [0x7ff7e8c59d7a+334b3a]
	chromedriver!GetHandleVerifier [0x7ff7e8956785+31545]
	chromedriver!GetHandleVerifier [0x7ff7e895facc+3a88c]
	chromedriver!(No symbol) [0x7ff7e866532a]
	chromedriver!GetHandleVerifier [0x7ff7e8d94b48+46f908]
	KERNEL32!BaseThreadInitThunk [0x7ff9dc65e8d7+17]
	ntdll!RtlUserThreadStart [0x7ff9dd64c48c+2c]
</msg>
</errors>
</robot>
